# JRE version: OpenJDK Runtime Environment (8.0_152-b01) (build 1.8.0_152-release-1343-b01)
# Java VM: OpenJDK 64-Bit Server VM (25.152-b01 mixed mode windows-amd64 compressed oops)
Heap:
 PSYoungGen      total 310272K, used 57187K [0x00000000e0000000, 0x00000000f4c00000, 0x0000000100000000)
  eden space 289792K, 16% used [0x00000000e0000000,0x00000000e2ddc5d0,0x00000000f1b00000)
  from space 20480K, 49% used [0x00000000f3800000,0x00000000f41fc658,0x00000000f4c00000)
  to   space 25088K, 0% used [0x00000000f1b00000,0x00000000f1b00000,0x00000000f3380000)
 ParOldGen       total 115200K, used 69991K [0x00000000a0000000, 0x00000000a7080000, 0x00000000e0000000)
  object space 115200K, 60% used [0x00000000a0000000,0x00000000a4459e58,0x00000000a7080000)
 Metaspace       used 79674K, capacity 83030K, committed 83368K, reserved 1122304K
  class space    used 10352K, capacity 11063K, committed 11176K, reserved 1048576K
GC Heap History (10 events):
Event: 18.632 GC heap before
{Heap before GC invocations=15 (full 3):
 PSYoungGen      total 198656K, used 1105K [0x00000000e0000000, 0x00000000ee500000, 0x0000000100000000)
  eden space 182784K, 0% used [0x00000000e0000000,0x00000000e0000000,0x00000000eb280000)
  from space 15872K, 6% used [0x00000000ec280000,0x00000000ec3945e8,0x00000000ed200000)
  to   space 16384K, 0% used [0x00000000eb280000,0x00000000eb280000,0x00000000ec280000)
 ParOldGen       total 85504K, used 32965K [0x00000000a0000000, 0x00000000a5380000, 0x00000000e0000000)
  object space 85504K, 38% used [0x00000000a0000000,0x00000000a2031538,0x00000000a5380000)
 Metaspace       used 57537K, capacity 59064K, committed 59160K, reserved 1099776K
  class space    used 7655K, capacity 8063K, committed 8104K, reserved 1048576K
Event: 18.908 GC heap after
Heap after GC invocations=15 (full 3):
 PSYoungGen      total 198656K, used 0K [0x00000000e0000000, 0x00000000ee500000, 0x0000000100000000)
  eden space 182784K, 0% used [0x00000000e0000000,0x00000000e0000000,0x00000000eb280000)
  from space 15872K, 0% used [0x00000000ec280000,0x00000000ec280000,0x00000000ed200000)
  to   space 16384K, 0% used [0x00000000eb280000,0x00000000eb280000,0x00000000ec280000)
 ParOldGen       total 115200K, used 28400K [0x00000000a0000000, 0x00000000a7080000, 0x00000000e0000000)
  object space 115200K, 24% used [0x00000000a0000000,0x00000000a1bbc090,0x00000000a7080000)
 Metaspace       used 57511K, capacity 58976K, committed 59160K, reserved 1099776K
  class space    used 7648K, capacity 8055K, committed 8104K, reserved 1048576K
}
Event: 22.326 GC heap before
{Heap before GC invocations=16 (full 3):
 PSYoungGen      total 198656K, used 182784K [0x00000000e0000000, 0x00000000ee500000, 0x0000000100000000)
  eden space 182784K, 100% used [0x00000000e0000000,0x00000000eb280000,0x00000000eb280000)
  from space 15872K, 0% used [0x00000000ec280000,0x00000000ec280000,0x00000000ed200000)
  to   space 16384K, 0% used [0x00000000eb280000,0x00000000eb280000,0x00000000ec280000)
 ParOldGen       total 115200K, used 28400K [0x00000000a0000000, 0x00000000a7080000, 0x00000000e0000000)
  object space 115200K, 24% used [0x00000000a0000000,0x00000000a1bbc090,0x00000000a7080000)
 Metaspace       used 65169K, capacity 67148K, committed 67240K, reserved 1107968K
  class space    used 8808K, capacity 9305K, committed 9384K, reserved 1048576K
Event: 22.357 GC heap after
Heap after GC invocations=16 (full 3):
 PSYoungGen      total 199168K, used 16381K [0x00000000e0000000, 0x00000000f1080000, 0x0000000100000000)
  eden space 182784K, 0% used [0x00000000e0000000,0x00000000e0000000,0x00000000eb280000)
  from space 16384K, 99% used [0x00000000eb280000,0x00000000ec27f728,0x00000000ec280000)
  to   space 18944K, 0% used [0x00000000efe00000,0x00000000efe00000,0x00000000f1080000)
 ParOldGen       total 115200K, used 28827K [0x00000000a0000000, 0x00000000a7080000, 0x00000000e0000000)
  object space 115200K, 25% used [0x00000000a0000000,0x00000000a1c26c40,0x00000000a7080000)
 Metaspace       used 65169K, capacity 67148K, committed 67240K, reserved 1107968K
  class space    used 8808K, capacity 9305K, committed 9384K, reserved 1048576K
}
Event: 29.028 GC heap before
{Heap before GC invocations=17 (full 3):
 PSYoungGen      total 199168K, used 199165K [0x00000000e0000000, 0x00000000f1080000, 0x0000000100000000)
  eden space 182784K, 100% used [0x00000000e0000000,0x00000000eb280000,0x00000000eb280000)
  from space 16384K, 99% used [0x00000000eb280000,0x00000000ec27f728,0x00000000ec280000)
  to   space 18944K, 0% used [0x00000000efe00000,0x00000000efe00000,0x00000000f1080000)
 ParOldGen       total 115200K, used 28827K [0x00000000a0000000, 0x00000000a7080000, 0x00000000e0000000)
  object space 115200K, 25% used [0x00000000a0000000,0x00000000a1c26c40,0x00000000a7080000)
 Metaspace       used 68045K, capacity 70630K, committed 70824K, reserved 1110016K
  class space    used 9179K, capacity 9770K, committed 9896K, reserved 1048576K
Event: 29.062 GC heap after
Heap after GC invocations=17 (full 3):
 PSYoungGen      total 250880K, used 13971K [0x00000000e0000000, 0x00000000f0d00000, 0x0000000100000000)
  eden space 235520K, 0% used [0x00000000e0000000,0x00000000e0000000,0x00000000ee600000)
  from space 15360K, 90% used [0x00000000efe00000,0x00000000f0ba4fe0,0x00000000f0d00000)
  to   space 19968K, 0% used [0x00000000ee600000,0x00000000ee600000,0x00000000ef980000)
 ParOldGen       total 115200K, used 40063K [0x00000000a0000000, 0x00000000a7080000, 0x00000000e0000000)
  object space 115200K, 34% used [0x00000000a0000000,0x00000000a271fd40,0x00000000a7080000)
 Metaspace       used 68045K, capacity 70630K, committed 70824K, reserved 1110016K
  class space    used 9179K, capacity 9770K, committed 9896K, reserved 1048576K
}
Event: 346.939 GC heap before
{Heap before GC invocations=18 (full 3):
 PSYoungGen      total 250880K, used 249491K [0x00000000e0000000, 0x00000000f0d00000, 0x0000000100000000)
  eden space 235520K, 100% used [0x00000000e0000000,0x00000000ee600000,0x00000000ee600000)
  from space 15360K, 90% used [0x00000000efe00000,0x00000000f0ba4fe0,0x00000000f0d00000)
  to   space 19968K, 0% used [0x00000000ee600000,0x00000000ee600000,0x00000000ef980000)
 ParOldGen       total 115200K, used 40063K [0x00000000a0000000, 0x00000000a7080000, 0x00000000e0000000)
  object space 115200K, 34% used [0x00000000a0000000,0x00000000a271fd40,0x00000000a7080000)
 Metaspace       used 75427K, capacity 78726K, committed 79016K, reserved 1118208K
  class space    used 9921K, capacity 10595K, committed 10664K, reserved 1048576K
Event: 347.047 GC heap after
Heap after GC invocations=18 (full 3):
 PSYoungGen      total 255488K, used 19961K [0x00000000e0000000, 0x00000000f5180000, 0x0000000100000000)
  eden space 235520K, 0% used [0x00000000e0000000,0x00000000e0000000,0x00000000ee600000)
  from space 19968K, 99% used [0x00000000ee600000,0x00000000ef97e4e0,0x00000000ef980000)
  to   space 26112K, 0% used [0x00000000f3800000,0x00000000f3800000,0x00000000f5180000)
 ParOldGen       total 115200K, used 50008K [0x00000000a0000000, 0x00000000a7080000, 0x00000000e0000000)
  object space 115200K, 43% used [0x00000000a0000000,0x00000000a30d6220,0x00000000a7080000)
 Metaspace       used 75427K, capacity 78726K, committed 79016K, reserved 1118208K
  class space    used 9921K, capacity 10595K, committed 10664K, reserved 1048576K
}
Event: 358.011 GC heap before
{Heap before GC invocations=19 (full 3):
 PSYoungGen      total 255488K, used 255481K [0x00000000e0000000, 0x00000000f5180000, 0x0000000100000000)
  eden space 235520K, 100% used [0x00000000e0000000,0x00000000ee600000,0x00000000ee600000)
  from space 19968K, 99% used [0x00000000ee600000,0x00000000ef97e4e0,0x00000000ef980000)
  to   space 26112K, 0% used [0x00000000f3800000,0x00000000f3800000,0x00000000f5180000)
 ParOldGen       total 115200K, used 50008K [0x00000000a0000000, 0x00000000a7080000, 0x00000000e0000000)
  object space 115200K, 43% used [0x00000000a0000000,0x00000000a30d6220,0x00000000a7080000)
 Metaspace       used 79672K, capacity 83030K, committed 83368K, reserved 1122304K
  class space    used 10352K, capacity 11063K, committed 11176K, reserved 1048576K
Event: 358.096 GC heap after
Heap after GC invocations=19 (full 3):
 PSYoungGen      total 310272K, used 10225K [0x00000000e0000000, 0x00000000f4c00000, 0x0000000100000000)
  eden space 289792K, 0% used [0x00000000e0000000,0x00000000e0000000,0x00000000f1b00000)
  from space 20480K, 49% used [0x00000000f3800000,0x00000000f41fc658,0x00000000f4c00000)
  to   space 25088K, 0% used [0x00000000f1b00000,0x00000000f1b00000,0x00000000f3380000)
 ParOldGen       total 115200K, used 69991K [0x00000000a0000000, 0x00000000a7080000, 0x00000000e0000000)
  object space 115200K, 60% used [0x00000000a0000000,0x00000000a4459e58,0x00000000a7080000)
 Metaspace       used 79672K, capacity 83030K, committed 83368K, reserved 1122304K
  class space    used 10352K, capacity 11063K, committed 11176K, reserved 1048576K
}

